<?xml version="1.0" encoding="UTF-8"?>
<!-- Generated by org.testng.reporters.JUnitReportReporter -->
<testsuite hostname="LAPTOP-0CG7VJN0" failures="0" tests="3" name="api.test.TestDeleteUser" time="5.938" errors="0" timestamp="2024-09-17T15:53:35 IST" skipped="0">
  <testcase classname="api.test.TestDeleteUser" name="testDeleteUserByName" time="1.943"/>
  <testcase classname="api.test.TestDeleteUser" name="testDeleteUserByName" time="2.046"/>
  <testcase classname="api.test.TestDeleteUser" name="testDeleteUserByName" time="1.949"/>
</testsuite> <!-- api.test.TestDeleteUser -->
