<?xml version="1.0" encoding="UTF-8"?>
<!-- Generated by org.testng.reporters.JUnitReportReporter -->
<testsuite hostname="LAPTOP-0CG7VJN0" failures="0" tests="1" name="api.test.TestOrderPet" time="8.155" errors="0" timestamp="2024-11-28T10:55:41 IST" skipped="0">
  <testcase classname="api.test.TestOrderPet" name="orderPet" time="8.155"/>
</testsuite> <!-- api.test.TestOrderPet -->
