<?xml version="1.0" encoding="UTF-8"?>
<!-- Generated by org.testng.reporters.JUnitReportReporter -->
<testsuite hostname="LAPTOP-0CG7VJN0" failures="0" tests="3" name="api.test.TestCreateUser" time="5.895" errors="0" timestamp="2024-11-28T12:05:28 IST" skipped="0">
  <testcase classname="api.test.TestCreateUser" name="testUsercreation" time="3.360"/>
  <testcase classname="api.test.TestCreateUser" name="testUsercreation" time="1.275"/>
  <testcase classname="api.test.TestCreateUser" name="testUsercreation" time="1.260"/>
</testsuite> <!-- api.test.TestCreateUser -->
