<?xml version="1.0" encoding="UTF-8"?>
<!-- Generated by org.testng.reporters.JUnitReportReporter -->
<testsuite hostname="LAPTOP-0CG7VJN0" failures="0" tests="3" name="api.test.TestCreateUser" time="8.605" errors="0" timestamp="2024-09-17T15:53:35 IST" skipped="0">
  <testcase classname="api.test.TestCreateUser" name="testUsercreation" time="4.289"/>
  <testcase classname="api.test.TestCreateUser" name="testUsercreation" time="2.349"/>
  <testcase classname="api.test.TestCreateUser" name="testUsercreation" time="1.967"/>
</testsuite> <!-- api.test.TestCreateUser -->
