<?xml version="1.0" encoding="UTF-8"?>
<!-- Generated by org.testng.reporters.JUnitReportReporter -->
<testsuite hostname="LAPTOP-0CG7VJN0" failures="0" tests="3" name="api.test.TestGetUserData" time="6.171" errors="0" timestamp="2024-09-17T15:53:35 IST" skipped="0">
  <testcase classname="api.test.TestGetUserData" name="testDeleteUserByName" time="2.044"/>
  <testcase classname="api.test.TestGetUserData" name="testDeleteUserByName" time="2.041"/>
  <testcase classname="api.test.TestGetUserData" name="testDeleteUserByName" time="2.086"/>
</testsuite> <!-- api.test.TestGetUserData -->
