<?xml version="1.0" encoding="UTF-8"?>
<!-- Generated by org.testng.reporters.JUnitReportReporter -->
<testsuite hostname="LAPTOP-0CG7VJN0" failures="0" tests="6" name="api.test.DDtestUser" time="12.269" errors="0" timestamp="2024-09-16T16:41:48 IST" skipped="0">
  <testcase classname="api.test.DDtestUser" name="testUsercreation" time="1.536"/>
  <testcase classname="api.test.DDtestUser" name="testUsercreation" time="4.124"/>
  <testcase classname="api.test.DDtestUser" name="testUsercreation" time="1.776"/>
  <testcase classname="api.test.DDtestUser" name="testDeleteUserByName" time="1.661"/>
  <testcase classname="api.test.DDtestUser" name="testDeleteUserByName" time="1.638"/>
  <testcase classname="api.test.DDtestUser" name="testDeleteUserByName" time="1.534"/>
</testsuite> <!-- api.test.DDtestUser -->
