<?xml version="1.0" encoding="UTF-8"?>
<!-- Generated by org.testng.reporters.JUnitReportReporter -->
<testsuite hostname="LAPTOP-0CG7VJN0" failures="0" tests="3" name="api.test.TestUpdateUserData" time="5.753" errors="0" timestamp="2024-09-17T15:53:35 IST" skipped="0">
  <testcase classname="api.test.TestUpdateUserData" name="testUpdateUserByName" time="1.944"/>
  <testcase classname="api.test.TestUpdateUserData" name="testUpdateUserByName" time="1.920"/>
  <testcase classname="api.test.TestUpdateUserData" name="testUpdateUserByName" time="1.889"/>
</testsuite> <!-- api.test.TestUpdateUserData -->
