<?xml version="1.0" encoding="UTF-8"?>
<!-- Generated by org.testng.reporters.JUnitReportReporter -->
<testsuite hostname="LAPTOP-0CG7VJN0" failures="0" tests="3" name="api.test.TestGetUserData" time="10.451" errors="0" timestamp="2024-10-05T22:18:39 IST" skipped="0">
  <testcase classname="api.test.TestGetUserData" name="testDeleteUserByName" time="3.688"/>
  <testcase classname="api.test.TestGetUserData" name="testDeleteUserByName" time="3.386"/>
  <testcase classname="api.test.TestGetUserData" name="testDeleteUserByName" time="3.377"/>
</testsuite> <!-- api.test.TestGetUserData -->
