<?xml version="1.0" encoding="UTF-8"?>
<!-- Generated by org.testng.reporters.JUnitReportReporter -->
<testsuite hostname="LAPTOP-0CG7VJN0" failures="0" tests="3" name="api.test.TestCreateUser" time="5.677" errors="0" timestamp="2024-09-18T14:26:18 IST" skipped="0">
  <testcase classname="api.test.TestCreateUser" name="testUsercreation" time="3.198"/>
  <testcase classname="api.test.TestCreateUser" name="testUsercreation" time="1.227"/>
  <testcase classname="api.test.TestCreateUser" name="testUsercreation" time="1.252"/>
</testsuite> <!-- api.test.TestCreateUser -->
