<?xml version="1.0" encoding="UTF-8"?>
<!-- Generated by org.testng.reporters.JUnitReportReporter -->
<testsuite hostname="LAPTOP-0CG7VJN0" failures="0" tests="3" name="api.test.TestCreateUser" time="14.394" errors="0" timestamp="2024-10-05T22:18:39 IST" skipped="0">
  <testcase classname="api.test.TestCreateUser" name="testUsercreation" time="4.016"/>
  <testcase classname="api.test.TestCreateUser" name="testUsercreation" time="6.598"/>
  <testcase classname="api.test.TestCreateUser" name="testUsercreation" time="3.780"/>
</testsuite> <!-- api.test.TestCreateUser -->
