<?xml version="1.0" encoding="UTF-8"?>
<!-- Generated by org.testng.reporters.JUnitReportReporter -->
<testsuite hostname="LAPTOP-0CG7VJN0" failures="0" tests="4" name="api.test.testUsercreation" time="10.949" errors="0" timestamp="2024-09-17T10:11:48 IST" skipped="0">
  <testcase classname="api.test.testUsercreation" name="testUserCreation" time="4.761"/>
  <testcase classname="api.test.testUsercreation" name="testGetUserByName" time="1.582"/>
  <testcase classname="api.test.testUsercreation" name="testUpdateUserByName" time="3.054"/>
  <testcase classname="api.test.testUsercreation" name="testDeleteUserByName" time="1.552"/>
</testsuite> <!-- api.test.testUsercreation -->
