<?xml version="1.0" encoding="UTF-8"?>
<!-- Generated by org.testng.reporters.JUnitReportReporter -->
<testsuite hostname="LAPTOP-0CG7VJN0" failures="0" tests="3" name="api.test.TestGetUserData" time="3.623" errors="0" timestamp="2024-09-18T14:26:18 IST" skipped="0">
  <testcase classname="api.test.TestGetUserData" name="testDeleteUserByName" time="1.220"/>
  <testcase classname="api.test.TestGetUserData" name="testDeleteUserByName" time="1.221"/>
  <testcase classname="api.test.TestGetUserData" name="testDeleteUserByName" time="1.182"/>
</testsuite> <!-- api.test.TestGetUserData -->
