<?xml version="1.0" encoding="UTF-8"?>
<!-- Generated by org.testng.reporters.JUnitReportReporter -->
<testsuite hostname="LAPTOP-0CG7VJN0" failures="0" tests="3" name="api.test.TestUpdateUserData" time="10.763" errors="0" timestamp="2024-10-05T22:18:39 IST" skipped="0">
  <testcase classname="api.test.TestUpdateUserData" name="testUpdateUserByName" time="3.305"/>
  <testcase classname="api.test.TestUpdateUserData" name="testUpdateUserByName" time="3.583"/>
  <testcase classname="api.test.TestUpdateUserData" name="testUpdateUserByName" time="3.875"/>
</testsuite> <!-- api.test.TestUpdateUserData -->
