<?xml version="1.0" encoding="UTF-8"?>
<!-- Generated by org.testng.reporters.JUnitReportReporter -->
<testsuite hostname="LAPTOP-0CG7VJN0" failures="0" tests="3" name="api.test.TestDeleteUser" time="3.683" errors="0" timestamp="2024-09-18T14:26:18 IST" skipped="0">
  <testcase classname="api.test.TestDeleteUser" name="testDeleteUserByName" time="1.239"/>
  <testcase classname="api.test.TestDeleteUser" name="testDeleteUserByName" time="1.211"/>
  <testcase classname="api.test.TestDeleteUser" name="testDeleteUserByName" time="1.233"/>
</testsuite> <!-- api.test.TestDeleteUser -->
