<?xml version="1.0" encoding="UTF-8"?>
<!-- Generated by org.testng.reporters.JUnitReportReporter -->
<testsuite hostname="LAPTOP-0CG7VJN0" failures="0" tests="3" name="api.test.TestDeleteUser" time="10.465" errors="0" timestamp="2024-10-05T22:18:39 IST" skipped="0">
  <testcase classname="api.test.TestDeleteUser" name="testDeleteUserByName" time="3.691"/>
  <testcase classname="api.test.TestDeleteUser" name="testDeleteUserByName" time="3.504"/>
  <testcase classname="api.test.TestDeleteUser" name="testDeleteUserByName" time="3.270"/>
</testsuite> <!-- api.test.TestDeleteUser -->
